# JRE version: Java(TM) SE Runtime Environment 18.9 (11.0.12+8) (build 11.0.12+8-LTS-237)
# Java VM: Java HotSpot(TM) 64-Bit Server VM 18.9 (11.0.12+8-LTS-237, mixed mode, tiered, compressed oops, g1 gc, windows-amd64)
Heap:
 garbage-first heap   total 189440K, used 29942K [0x0000000081400000, 0x0000000100000000)
  region size 1024K, 7 young (7168K), 7 survivors (7168K)
 Metaspace       used 71840K, capacity 73810K, committed 73932K, reserved 1118208K
  class space    used 9795K, capacity 10606K, committed 10700K, reserved 1048576K
GC Heap History (10 events):
Event: 4.552 GC heap after
{Heap after GC invocations=9 (full 0):
 garbage-first heap   total 131072K, used 18094K [0x0000000081400000, 0x0000000100000000)
  region size 1024K, 8 young (8192K), 8 survivors (8192K)
 Metaspace       used 39646K, capacity 40989K, committed 41088K, reserved 1085440K
  class space    used 5188K, capacity 5753K, committed 5760K, reserved 1048576K
}
Event: 4.833 GC heap before
{Heap before GC invocations=9 (full 0):
 garbage-first heap   total 131072K, used 86702K [0x0000000081400000, 0x0000000100000000)
  region size 1024K, 76 young (77824K), 8 survivors (8192K)
 Metaspace       used 40464K, capacity 41922K, committed 42112K, reserved 1085440K
  class space    used 5288K, capacity 5915K, committed 6016K, reserved 1048576K
}
Event: 4.843 GC heap after
{Heap after GC invocations=10 (full 0):
 garbage-first heap   total 157696K, used 18844K [0x0000000081400000, 0x0000000100000000)
  region size 1024K, 6 young (6144K), 6 survivors (6144K)
 Metaspace       used 40464K, capacity 41922K, committed 42112K, reserved 1085440K
  class space    used 5288K, capacity 5915K, committed 6016K, reserved 1048576K
}
Event: 6.402 GC heap before
{Heap before GC invocations=10 (full 0):
 garbage-first heap   total 157696K, used 106908K [0x0000000081400000, 0x0000000100000000)
  region size 1024K, 92 young (94208K), 6 survivors (6144K)
 Metaspace       used 54715K, capacity 56326K, committed 56704K, reserved 1097728K
  class space    used 7298K, capacity 7939K, committed 8064K, reserved 1048576K
}
Event: 6.416 GC heap after
{Heap after GC invocations=11 (full 0):
 garbage-first heap   total 157696K, used 23204K [0x0000000081400000, 0x0000000100000000)
  region size 1024K, 11 young (11264K), 11 survivors (11264K)
 Metaspace       used 54715K, capacity 56326K, committed 56704K, reserved 1097728K
  class space    used 7298K, capacity 7939K, committed 8064K, reserved 1048576K
}
Event: 6.766 GC heap before
{Heap before GC invocations=11 (full 0):
 garbage-first heap   total 157696K, used 58020K [0x0000000081400000, 0x0000000100000000)
  region size 1024K, 47 young (48128K), 11 survivors (11264K)
 Metaspace       used 58454K, capacity 60075K, committed 60160K, reserved 1101824K
  class space    used 7776K, capacity 8419K, committed 8448K, reserved 1048576K
}
Event: 6.776 GC heap after
{Heap after GC invocations=12 (full 0):
 garbage-first heap   total 157696K, used 24560K [0x0000000081400000, 0x0000000100000000)
  region size 1024K, 7 young (7168K), 7 survivors (7168K)
 Metaspace       used 58454K, capacity 60075K, committed 60160K, reserved 1101824K
  class space    used 7776K, capacity 8419K, committed 8448K, reserved 1048576K
}
Event: 7.928 GC heap before
{Heap before GC invocations=13 (full 0):
 garbage-first heap   total 157696K, used 111600K [0x0000000081400000, 0x0000000100000000)
  region size 1024K, 92 young (94208K), 7 survivors (7168K)
 Metaspace       used 69894K, capacity 71880K, committed 72012K, reserved 1112064K
  class space    used 9501K, capacity 10302K, committed 10316K, reserved 1048576K
}
Event: 7.944 GC heap after
{Heap after GC invocations=14 (full 0):
 garbage-first heap   total 157696K, used 28404K [0x0000000081400000, 0x0000000100000000)
  region size 1024K, 10 young (10240K), 10 survivors (10240K)
 Metaspace       used 69894K, capacity 71880K, committed 72012K, reserved 1112064K
  class space    used 9501K, capacity 10302K, committed 10316K, reserved 1048576K
}
Event: 8.230 GC heap before
{Heap before GC invocations=14 (full 0):
 garbage-first heap   total 157696K, used 50932K [0x0000000081400000, 0x0000000100000000)
  region size 1024K, 33 young (33792K), 10 survivors (10240K)
 Metaspace       used 71840K, capacity 73810K, committed 73932K, reserved 1118208K
  class space    used 9795K, capacity 10606K, committed 10700K, reserved 1048576K
}

